<?xml version="1.0" encoding="UTF-8"?>
<!-- Generated by org.testng.reporters.JUnitXMLReporter -->
<testsuite hostname="LAPTOP-E069LGRR" ignored="0" name="Test" tests="3" failures="0" timestamp="2020-07-08T01:11:47 IST" time="73.636" errors="0">
  <testcase name="feature" time="27.599" classname="cucumber.api.testng.AbstractTestNGCucumberTests"/>
  <testcase name="feature" time="21.91" classname="cucumber.api.testng.AbstractTestNGCucumberTests"/>
  <testcase name="feature" time="23.195" classname="cucumber.api.testng.AbstractTestNGCucumberTests"/>
</testsuite> <!-- Test -->
