<?xml version="1.0" encoding="UTF-8"?>
<testng-results skipped="0" failed="0" ignored="0" total="3" passed="3">
  <reporter-output>
  </reporter-output>
  <suite name="Suite" duration-ms="73636" started-at="2020-07-08T01:10:34 IST" finished-at="2020-07-08T01:11:47 IST">
    <groups>
      <group name="cucumber">
        <method signature="AbstractTestNGCucumberTests.feature(cucumber.api.testng.CucumberFeatureWrapper)[pri:0, instance:runner.RunnerCukes@34330f77]" name="feature" class="cucumber.api.testng.AbstractTestNGCucumberTests"/>
      </group> <!-- cucumber -->
    </groups>
    <test name="Test" duration-ms="73636" started-at="2020-07-08T01:10:34 IST" finished-at="2020-07-08T01:11:47 IST">
      <class name="runner.RunnerCukes">
        <test-method status="PASS" signature="setUpClass()[pri:0, instance:runner.RunnerCukes@34330f77]" name="setUpClass" is-config="true" duration-ms="540" started-at="2020-07-08T01:10:34 IST" finished-at="2020-07-08T01:10:34 IST">
          <reporter-output>
          </reporter-output>
        </test-method> <!-- setUpClass -->
        <test-method status="PASS" signature="feature(cucumber.api.testng.CucumberFeatureWrapper)[pri:0, instance:runner.RunnerCukes@34330f77]" name="feature" duration-ms="27599" started-at="2020-07-08T01:10:34 IST" description="Runs Cucumber Feature" data-provider="features" finished-at="2020-07-08T01:11:02 IST">
          <params>
            <param index="0">
              <value>
                <![CDATA[Acceptance Testing to validate the New Search Car page is working fine.]]>
              </value>
            </param>
          </params>
          <reporter-output>
          </reporter-output>
        </test-method> <!-- feature -->
        <test-method status="PASS" signature="feature(cucumber.api.testng.CucumberFeatureWrapper)[pri:0, instance:runner.RunnerCukes@34330f77]" name="feature" duration-ms="21910" started-at="2020-07-08T01:11:02 IST" description="Runs Cucumber Feature" data-provider="features" finished-at="2020-07-08T01:11:24 IST">
          <params>
            <param index="0">
              <value>
                <![CDATA[Acceptance Testing to validate the Search Car page is working fine.]]>
              </value>
            </param>
          </params>
          <reporter-output>
          </reporter-output>
        </test-method> <!-- feature -->
        <test-method status="PASS" signature="feature(cucumber.api.testng.CucumberFeatureWrapper)[pri:0, instance:runner.RunnerCukes@34330f77]" name="feature" duration-ms="23195" started-at="2020-07-08T01:11:24 IST" description="Runs Cucumber Feature" data-provider="features" finished-at="2020-07-08T01:11:47 IST">
          <params>
            <param index="0">
              <value>
                <![CDATA[Acceptance Testing to validate the Used Search Car page is working fine.]]>
              </value>
            </param>
          </params>
          <reporter-output>
          </reporter-output>
        </test-method> <!-- feature -->
        <test-method status="PASS" signature="tearDownClass()[pri:0, instance:runner.RunnerCukes@34330f77]" name="tearDownClass" is-config="true" duration-ms="114" started-at="2020-07-08T01:11:47 IST" finished-at="2020-07-08T01:11:47 IST">
          <reporter-output>
          </reporter-output>
        </test-method> <!-- tearDownClass -->
      </class> <!-- runner.RunnerCukes -->
    </test> <!-- Test -->
  </suite> <!-- Suite -->
</testng-results>
