<?xml version="1.0" encoding="UTF-8"?>
<testng-results skipped="0" failed="0" ignored="0" total="3" passed="3">
  <reporter-output>
  </reporter-output>
  <suite name="Suite" duration-ms="90684" started-at="2020-06-12T16:28:29 IST" finished-at="2020-06-12T16:30:00 IST">
    <groups>
      <group name="cucumber">
        <method signature="AbstractTestNGCucumberTests.feature(cucumber.api.testng.CucumberFeatureWrapper)[pri:0, instance:runner.RunnerCukes@4eb7f003]" name="feature" class="cucumber.api.testng.AbstractTestNGCucumberTests"/>
      </group> <!-- cucumber -->
    </groups>
    <test name="Test" duration-ms="90684" started-at="2020-06-12T16:28:29 IST" finished-at="2020-06-12T16:30:00 IST">
      <class name="runner.RunnerCukes">
        <test-method status="PASS" signature="setUpClass()[pri:0, instance:runner.RunnerCukes@4eb7f003]" name="setUpClass" is-config="true" duration-ms="267" started-at="2020-06-12T16:28:29 IST" finished-at="2020-06-12T16:28:29 IST">
          <reporter-output>
          </reporter-output>
        </test-method> <!-- setUpClass -->
        <test-method status="PASS" signature="setup()[pri:0, instance:runner.RunnerCukes@4eb7f003]" name="setup" is-config="true" duration-ms="157" started-at="2020-06-12T16:28:29 IST" finished-at="2020-06-12T16:28:29 IST">
          <reporter-output>
          </reporter-output>
        </test-method> <!-- setup -->
        <test-method status="PASS" signature="feature(cucumber.api.testng.CucumberFeatureWrapper)[pri:0, instance:runner.RunnerCukes@4eb7f003]" name="feature" duration-ms="25338" started-at="2020-06-12T16:28:29 IST" description="Runs Cucumber Feature" data-provider="features" finished-at="2020-06-12T16:28:55 IST">
          <params>
            <param index="0">
              <value>
                <![CDATA[Acceptance Testing to validate the New Search Car page is working fine.]]>
              </value>
            </param>
          </params>
          <reporter-output>
          </reporter-output>
        </test-method> <!-- feature -->
        <test-method status="PASS" signature="feature(cucumber.api.testng.CucumberFeatureWrapper)[pri:0, instance:runner.RunnerCukes@4eb7f003]" name="feature" duration-ms="27398" started-at="2020-06-12T16:28:55 IST" description="Runs Cucumber Feature" data-provider="features" finished-at="2020-06-12T16:29:22 IST">
          <params>
            <param index="0">
              <value>
                <![CDATA[Acceptance Testing to validate the Search Car page is working fine.]]>
              </value>
            </param>
          </params>
          <reporter-output>
          </reporter-output>
        </test-method> <!-- feature -->
        <test-method status="PASS" signature="feature(cucumber.api.testng.CucumberFeatureWrapper)[pri:0, instance:runner.RunnerCukes@4eb7f003]" name="feature" duration-ms="37201" started-at="2020-06-12T16:29:22 IST" description="Runs Cucumber Feature" data-provider="features" finished-at="2020-06-12T16:29:59 IST">
          <params>
            <param index="0">
              <value>
                <![CDATA[Acceptance Testing to validate the Used Search Car page is working fine.]]>
              </value>
            </param>
          </params>
          <reporter-output>
          </reporter-output>
        </test-method> <!-- feature -->
        <test-method status="PASS" signature="tearDownClass()[pri:0, instance:runner.RunnerCukes@4eb7f003]" name="tearDownClass" is-config="true" duration-ms="194" started-at="2020-06-12T16:29:59 IST" finished-at="2020-06-12T16:30:00 IST">
          <reporter-output>
          </reporter-output>
        </test-method> <!-- tearDownClass -->
      </class> <!-- runner.RunnerCukes -->
    </test> <!-- Test -->
  </suite> <!-- Suite -->
</testng-results>
