<?xml version="1.0" encoding="UTF-8"?>
<testng-results skipped="0" failed="0" ignored="0" total="3" passed="3">
  <reporter-output>
  </reporter-output>
  <suite name="Suite" duration-ms="92185" started-at="2020-07-06T18:48:13 IST" finished-at="2020-07-06T18:49:45 IST">
    <groups>
      <group name="cucumber">
        <method signature="AbstractTestNGCucumberTests.feature(cucumber.api.testng.CucumberFeatureWrapper)[pri:0, instance:runner.RunnerCukes@2bc378f7]" name="feature" class="cucumber.api.testng.AbstractTestNGCucumberTests"/>
      </group> <!-- cucumber -->
    </groups>
    <test name="Test" duration-ms="92185" started-at="2020-07-06T18:48:13 IST" finished-at="2020-07-06T18:49:45 IST">
      <class name="runner.RunnerCukes">
        <test-method status="PASS" signature="setUpClass()[pri:0, instance:runner.RunnerCukes@2bc378f7]" name="setUpClass" is-config="true" duration-ms="561" started-at="2020-07-06T18:48:13 IST" finished-at="2020-07-06T18:48:13 IST">
          <reporter-output>
          </reporter-output>
        </test-method> <!-- setUpClass -->
        <test-method status="PASS" signature="setup()[pri:0, instance:runner.RunnerCukes@2bc378f7]" name="setup" is-config="true" duration-ms="304" started-at="2020-07-06T18:48:13 IST" finished-at="2020-07-06T18:48:14 IST">
          <reporter-output>
          </reporter-output>
        </test-method> <!-- setup -->
        <test-method status="PASS" signature="feature(cucumber.api.testng.CucumberFeatureWrapper)[pri:0, instance:runner.RunnerCukes@2bc378f7]" name="feature" duration-ms="45003" started-at="2020-07-06T18:48:14 IST" description="Runs Cucumber Feature" data-provider="features" finished-at="2020-07-06T18:48:59 IST">
          <params>
            <param index="0">
              <value>
                <![CDATA[Acceptance Testing to validate the New Search Car page is working fine.]]>
              </value>
            </param>
          </params>
          <reporter-output>
          </reporter-output>
        </test-method> <!-- feature -->
        <test-method status="PASS" signature="feature(cucumber.api.testng.CucumberFeatureWrapper)[pri:0, instance:runner.RunnerCukes@2bc378f7]" name="feature" duration-ms="19883" started-at="2020-07-06T18:48:59 IST" description="Runs Cucumber Feature" data-provider="features" finished-at="2020-07-06T18:49:19 IST">
          <params>
            <param index="0">
              <value>
                <![CDATA[Acceptance Testing to validate the Search Car page is working fine.]]>
              </value>
            </param>
          </params>
          <reporter-output>
          </reporter-output>
        </test-method> <!-- feature -->
        <test-method status="PASS" signature="feature(cucumber.api.testng.CucumberFeatureWrapper)[pri:0, instance:runner.RunnerCukes@2bc378f7]" name="feature" duration-ms="25141" started-at="2020-07-06T18:49:19 IST" description="Runs Cucumber Feature" data-provider="features" finished-at="2020-07-06T18:49:44 IST">
          <params>
            <param index="0">
              <value>
                <![CDATA[Acceptance Testing to validate the Used Search Car page is working fine.]]>
              </value>
            </param>
          </params>
          <reporter-output>
          </reporter-output>
        </test-method> <!-- feature -->
        <test-method status="PASS" signature="tearDownClass()[pri:0, instance:runner.RunnerCukes@2bc378f7]" name="tearDownClass" is-config="true" duration-ms="1044" started-at="2020-07-06T18:49:44 IST" finished-at="2020-07-06T18:49:45 IST">
          <reporter-output>
          </reporter-output>
        </test-method> <!-- tearDownClass -->
      </class> <!-- runner.RunnerCukes -->
    </test> <!-- Test -->
  </suite> <!-- Suite -->
</testng-results>
